mobileapp/build/app/intermediates/manifest_merge_blame_file/release/manifest-merger-blame-release-report.txt
1<?xml version="1.0" encoding="utf-8"?>
2<manifest xmlns:android="http://schemas.android.com/apk/res/android"
3    package="com.example.studiesy"
4    android:versionCode="1"
5    android:versionName="1.0.0" >
6
7    <uses-sdk
8        android:minSdkVersion="21"
8-->src\main\AndroidManifest.xml
9        android:targetSdkVersion="33" />
9-->src\main\AndroidManifest.xml
10
11    <uses-permission android:name="android.permission.RECORD_AUDIO" />
11-->src\main\AndroidManifest.xml:3:5-70
11-->src\main\AndroidManifest.xml:3:22-68
12    <uses-permission android:name="android.permission.INTERNET" />
12-->src\main\AndroidManifest.xml:4:5-66
12-->src\main\AndroidManifest.xml:4:22-64
13    <uses-permission android:name="android.permission.BLUETOOTH" />
13-->src\main\AndroidManifest.xml:5:5-67
13-->src\main\AndroidManifest.xml:5:22-65
14    <uses-permission android:name="android.permission.BLUETOOTH_ADMIN" />
14-->src\main\AndroidManifest.xml:6:5-73
14-->src\main\AndroidManifest.xml:6:22-71
15    <uses-permission android:name="android.permission.BLUETOOTH_CONNECT" />
15-->src\main\AndroidManifest.xml:7:5-75
15-->src\main\AndroidManifest.xml:7:22-73
16    <uses-permission android:name="android.permission.WRITE_EXTERNAL_STORAGE" />
16-->src\main\AndroidManifest.xml:8:6-81
16-->src\main\AndroidManifest.xml:8:23-79
17    <uses-permission android:name="android.permission.READ_EXTERNAL_STORAGE" />
17-->src\main\AndroidManifest.xml:9:5-79
17-->src\main\AndroidManifest.xml:9:22-77
18
19    <queries>
19-->src\main\AndroidManifest.xml:10:5-14:15
20        <intent>
20-->src\main\AndroidManifest.xml:11:9-13:18
21            <action android:name="android.intent.action.TTS_SERVICE" />
21-->src\main\AndroidManifest.xml:12:13-72
21-->src\main\AndroidManifest.xml:12:21-69
22        </intent>
23    </queries>
24    <queries>
24-->src\main\AndroidManifest.xml:10:5-14:15
25        <intent>
25-->src\main\AndroidManifest.xml:16:5-18:14
26            <action android:name="android.speech.RecognitionService" />
26-->src\main\AndroidManifest.xml:17:9-68
26-->src\main\AndroidManifest.xml:17:17-65
27        </intent>
28    </queries>
29
30    <uses-permission android:name="android.permission.ACCESS_NETWORK_STATE" />
30-->[com.google.firebase:firebase-auth:22.1.1] AndroidManifest.xml:26:5-79
30-->[com.google.firebase:firebase-auth:22.1.1] AndroidManifest.xml:26:22-76
31
32    <permission
32-->[androidx.core:core:1.9.0] AndroidManifest.xml:22:5-24:47
33        android:name="com.example.studiesy.DYNAMIC_RECEIVER_NOT_EXPORTED_PERMISSION"
33-->[androidx.core:core:1.9.0] AndroidManifest.xml:23:9-81
34        android:protectionLevel="signature" />
34-->[androidx.core:core:1.9.0] AndroidManifest.xml:24:9-44
35
36    <uses-permission android:name="com.example.studiesy.DYNAMIC_RECEIVER_NOT_EXPORTED_PERMISSION" />
36-->[androidx.core:core:1.9.0] AndroidManifest.xml:26:5-97
36-->[androidx.core:core:1.9.0] AndroidManifest.xml:26:22-94
37
38    <application
39        android:name="android.app.Application"
39-->src\main\AndroidManifest.xml:22:9-42
40        android:appComponentFactory="androidx.core.app.CoreComponentFactory"
40-->[androidx.core:core:1.9.0] AndroidManifest.xml:28:18-86
41        android:icon="@mipmap/ic_launcher"
41-->src\main\AndroidManifest.xml:23:9-43
42        android:label="Eduverse" >
42-->src\main\AndroidManifest.xml:21:9-33
43        <activity
43-->src\main\AndroidManifest.xml:24:9-44:20
44            android:name="com.example.studiesy.MainActivity"
44-->src\main\AndroidManifest.xml:25:13-41
45            android:configChanges="orientation|keyboardHidden|keyboard|screenSize|smallestScreenSize|locale|layoutDirection|fontScale|screenLayout|density|uiMode"
45-->src\main\AndroidManifest.xml:29:13-163
46            android:exported="true"
46-->src\main\AndroidManifest.xml:26:13-36
47            android:hardwareAccelerated="true"
47-->src\main\AndroidManifest.xml:30:13-47
48            android:launchMode="singleTop"
48-->src\main\AndroidManifest.xml:27:13-43
49            android:theme="@style/LaunchTheme"
49-->src\main\AndroidManifest.xml:28:13-47
50            android:windowSoftInputMode="adjustResize" >
50-->src\main\AndroidManifest.xml:31:13-55
51
52            <!--
53                 Specifies an Android theme to apply to this Activity as soon as
54                 the Android process has started. This theme is visible to the user
55                 while the Flutter UI initializes. After that, this theme continues
56                 to determine the Window background behind the Flutter UI.
57            -->
58            <meta-data
58-->src\main\AndroidManifest.xml:36:13-39:17
59                android:name="io.flutter.embedding.android.NormalTheme"
59-->src\main\AndroidManifest.xml:37:15-70
60                android:resource="@style/NormalTheme" />
60-->src\main\AndroidManifest.xml:38:15-52
61
62            <intent-filter>
62-->src\main\AndroidManifest.xml:40:13-43:29
63                <action android:name="android.intent.action.MAIN" />
63-->src\main\AndroidManifest.xml:41:17-68
63-->src\main\AndroidManifest.xml:41:25-66
64
65                <category android:name="android.intent.category.LAUNCHER" />
65-->src\main\AndroidManifest.xml:42:17-76
65-->src\main\AndroidManifest.xml:42:27-74
66            </intent-filter>
67        </activity>
68        <!--
69             Don't delete the meta-data below.
70             This is used by the Flutter tool to generate GeneratedPluginRegistrant.java
71        -->
72        <meta-data
72-->src\main\AndroidManifest.xml:47:9-49:33
73            android:name="flutterEmbedding"
73-->src\main\AndroidManifest.xml:48:13-44
74            android:value="2" />
74-->src\main\AndroidManifest.xml:49:13-30
75        <meta-data
75-->src\main\AndroidManifest.xml:50:10-52:45
76            android:name="com.google.firebase.messaging.default_notification_channel_id"
76-->src\main\AndroidManifest.xml:51:3-79
77            android:value="high_importance_channel" />
77-->src\main\AndroidManifest.xml:52:3-42
78
79        <service
79-->[:firebase_auth] AndroidManifest.xml:10:9-14:19
80            android:name="com.google.firebase.components.ComponentDiscoveryService"
80-->[:firebase_auth] AndroidManifest.xml:10:18-89
81            android:directBootAware="true"
81-->[com.google.firebase:firebase-common:20.3.3] AndroidManifest.xml:34:13-43
82            android:exported="false" >
82-->[com.google.firebase:firebase-auth:22.1.1] AndroidManifest.xml:68:13-37
83            <meta-data
83-->[:firebase_auth] AndroidManifest.xml:11:13-13:85
84                android:name="com.google.firebase.components:io.flutter.plugins.firebase.auth.FlutterFirebaseAuthRegistrar"
84-->[:firebase_auth] AndroidManifest.xml:12:17-124
85                android:value="com.google.firebase.components.ComponentRegistrar" />
85-->[:firebase_auth] AndroidManifest.xml:13:17-82
86            <meta-data
86-->[:firebase_database] AndroidManifest.xml:11:13-13:85
87                android:name="com.google.firebase.components:io.flutter.plugins.firebase.database.FlutterFirebaseAppRegistrar"
87-->[:firebase_database] AndroidManifest.xml:12:17-127
88                android:value="com.google.firebase.components.ComponentRegistrar" />
88-->[:firebase_database] AndroidManifest.xml:13:17-82
89            <meta-data
89-->[:firebase_storage] AndroidManifest.xml:11:13-13:85
90                android:name="com.google.firebase.components:io.flutter.plugins.firebase.storage.FlutterFirebaseAppRegistrar"
90-->[:firebase_storage] AndroidManifest.xml:12:17-126
91                android:value="com.google.firebase.components.ComponentRegistrar" />
91-->[:firebase_storage] AndroidManifest.xml:13:17-82
92            <meta-data
92-->[:cloud_firestore] AndroidManifest.xml:11:13-13:85
93                android:name="com.google.firebase.components:io.flutter.plugins.firebase.firestore.FlutterFirebaseFirestoreRegistrar"
93-->[:cloud_firestore] AndroidManifest.xml:12:17-134
94                android:value="com.google.firebase.components.ComponentRegistrar" />
94-->[:cloud_firestore] AndroidManifest.xml:13:17-82
95            <meta-data
95-->[:firebase_core] AndroidManifest.xml:11:13-13:85
96                android:name="com.google.firebase.components:io.flutter.plugins.firebase.core.FlutterFirebaseCoreRegistrar"
96-->[:firebase_core] AndroidManifest.xml:12:17-124
97                android:value="com.google.firebase.components.ComponentRegistrar" />
97-->[:firebase_core] AndroidManifest.xml:13:17-82
98            <meta-data
98-->[com.google.firebase:firebase-auth:22.1.1] AndroidManifest.xml:69:13-71:85
99                android:name="com.google.firebase.components:com.google.firebase.auth.FirebaseAuthRegistrar"
99-->[com.google.firebase:firebase-auth:22.1.1] AndroidManifest.xml:70:17-109
100                android:value="com.google.firebase.components.ComponentRegistrar" />
100-->[com.google.firebase:firebase-auth:22.1.1] AndroidManifest.xml:71:17-82
101            <meta-data
101-->[com.google.firebase:firebase-firestore:24.7.1] AndroidManifest.xml:17:13-19:85
102                android:name="com.google.firebase.components:com.google.firebase.firestore.FirestoreRegistrar"
102-->[com.google.firebase:firebase-firestore:24.7.1] AndroidManifest.xml:18:17-111
103                android:value="com.google.firebase.components.ComponentRegistrar" />
103-->[com.google.firebase:firebase-firestore:24.7.1] AndroidManifest.xml:19:17-82
104            <meta-data
104-->[com.google.firebase:firebase-storage:20.2.1] AndroidManifest.xml:32:13-34:85
105                android:name="com.google.firebase.components:com.google.firebase.storage.StorageRegistrar"
105-->[com.google.firebase:firebase-storage:20.2.1] AndroidManifest.xml:33:17-107
106                android:value="com.google.firebase.components.ComponentRegistrar" />
106-->[com.google.firebase:firebase-storage:20.2.1] AndroidManifest.xml:34:17-82
107            <meta-data
107-->[com.google.firebase:firebase-database:20.2.2] AndroidManifest.xml:31:13-33:85
108                android:name="com.google.firebase.components:com.google.firebase.database.DatabaseRegistrar"
108-->[com.google.firebase:firebase-database:20.2.2] AndroidManifest.xml:32:17-109
109                android:value="com.google.firebase.components.ComponentRegistrar" />
109-->[com.google.firebase:firebase-database:20.2.2] AndroidManifest.xml:33:17-82
110        </service>
111
112        <activity
112-->[com.google.firebase:firebase-auth:22.1.1] AndroidManifest.xml:29:9-46:20
113            android:name="com.google.firebase.auth.internal.GenericIdpActivity"
113-->[com.google.firebase:firebase-auth:22.1.1] AndroidManifest.xml:30:13-80
114            android:excludeFromRecents="true"
114-->[com.google.firebase:firebase-auth:22.1.1] AndroidManifest.xml:31:13-46
115            android:exported="true"
115-->[com.google.firebase:firebase-auth:22.1.1] AndroidManifest.xml:32:13-36
116            android:launchMode="singleTask"
116-->[com.google.firebase:firebase-auth:22.1.1] AndroidManifest.xml:33:13-44
117            android:theme="@android:style/Theme.Translucent.NoTitleBar" >
117-->[com.google.firebase:firebase-auth:22.1.1] AndroidManifest.xml:34:13-72
118            <intent-filter>
118-->[com.google.firebase:firebase-auth:22.1.1] AndroidManifest.xml:35:13-45:29
119                <action android:name="android.intent.action.VIEW" />
119-->[com.google.firebase:firebase-auth:22.1.1] AndroidManifest.xml:36:17-69
119-->[com.google.firebase:firebase-auth:22.1.1] AndroidManifest.xml:36:25-66
120
121                <category android:name="android.intent.category.DEFAULT" />
121-->[com.google.firebase:firebase-auth:22.1.1] AndroidManifest.xml:38:17-76
121-->[com.google.firebase:firebase-auth:22.1.1] AndroidManifest.xml:38:27-73
122                <category android:name="android.intent.category.BROWSABLE" />
122-->[com.google.firebase:firebase-auth:22.1.1] AndroidManifest.xml:39:17-78
122-->[com.google.firebase:firebase-auth:22.1.1] AndroidManifest.xml:39:27-75
123
124                <data
124-->[com.google.firebase:firebase-auth:22.1.1] AndroidManifest.xml:41:17-44:51
125                    android:host="firebase.auth"
125-->[com.google.firebase:firebase-auth:22.1.1] AndroidManifest.xml:42:21-49
126                    android:path="/"
126-->[com.google.firebase:firebase-auth:22.1.1] AndroidManifest.xml:43:21-37
127                    android:scheme="genericidp" />
127-->[com.google.firebase:firebase-auth:22.1.1] AndroidManifest.xml:44:21-48
128            </intent-filter>
129        </activity>
130        <activity
130-->[com.google.firebase:firebase-auth:22.1.1] AndroidManifest.xml:47:9-64:20
131            android:name="com.google.firebase.auth.internal.RecaptchaActivity"
131-->[com.google.firebase:firebase-auth:22.1.1] AndroidManifest.xml:48:13-79
132            android:excludeFromRecents="true"
132-->[com.google.firebase:firebase-auth:22.1.1] AndroidManifest.xml:49:13-46
133            android:exported="true"
133-->[com.google.firebase:firebase-auth:22.1.1] AndroidManifest.xml:50:13-36
134            android:launchMode="singleTask"
134-->[com.google.firebase:firebase-auth:22.1.1] AndroidManifest.xml:51:13-44
135            android:theme="@android:style/Theme.Translucent.NoTitleBar" >
135-->[com.google.firebase:firebase-auth:22.1.1] AndroidManifest.xml:52:13-72
136            <intent-filter>
136-->[com.google.firebase:firebase-auth:22.1.1] AndroidManifest.xml:53:13-63:29
137                <action android:name="android.intent.action.VIEW" />
137-->[com.google.firebase:firebase-auth:22.1.1] AndroidManifest.xml:36:17-69
137-->[com.google.firebase:firebase-auth:22.1.1] AndroidManifest.xml:36:25-66
138
139                <category android:name="android.intent.category.DEFAULT" />
139-->[com.google.firebase:firebase-auth:22.1.1] AndroidManifest.xml:38:17-76
139-->[com.google.firebase:firebase-auth:22.1.1] AndroidManifest.xml:38:27-73
140                <category android:name="android.intent.category.BROWSABLE" />
140-->[com.google.firebase:firebase-auth:22.1.1] AndroidManifest.xml:39:17-78
140-->[com.google.firebase:firebase-auth:22.1.1] AndroidManifest.xml:39:27-75
141
142                <data
142-->[com.google.firebase:firebase-auth:22.1.1] AndroidManifest.xml:41:17-44:51
143                    android:host="firebase.auth"
143-->[com.google.firebase:firebase-auth:22.1.1] AndroidManifest.xml:42:21-49
144                    android:path="/"
144-->[com.google.firebase:firebase-auth:22.1.1] AndroidManifest.xml:43:21-37
145                    android:scheme="recaptcha" />
145-->[com.google.firebase:firebase-auth:22.1.1] AndroidManifest.xml:44:21-48
146            </intent-filter>
147        </activity>
148
149        <uses-library
149-->[androidx.window:window:1.0.0-beta04] AndroidManifest.xml:25:9-27:40
150            android:name="androidx.window.extensions"
150-->[androidx.window:window:1.0.0-beta04] AndroidManifest.xml:26:13-54
151            android:required="false" />
151-->[androidx.window:window:1.0.0-beta04] AndroidManifest.xml:27:13-37
152        <uses-library
152-->[androidx.window:window:1.0.0-beta04] AndroidManifest.xml:28:9-30:40
153            android:name="androidx.window.sidecar"
153-->[androidx.window:window:1.0.0-beta04] AndroidManifest.xml:29:13-51
154            android:required="false" />
154-->[androidx.window:window:1.0.0-beta04] AndroidManifest.xml:30:13-37
155
156        <provider
156-->[com.google.firebase:firebase-common:20.3.3] AndroidManifest.xml:25:9-30:39
157            android:name="com.google.firebase.provider.FirebaseInitProvider"
157-->[com.google.firebase:firebase-common:20.3.3] AndroidManifest.xml:26:13-77
158            android:authorities="com.example.studiesy.firebaseinitprovider"
158-->[com.google.firebase:firebase-common:20.3.3] AndroidManifest.xml:27:13-72
159            android:directBootAware="true"
159-->[com.google.firebase:firebase-common:20.3.3] AndroidManifest.xml:28:13-43
160            android:exported="false"
160-->[com.google.firebase:firebase-common:20.3.3] AndroidManifest.xml:29:13-37
161            android:initOrder="100" />
161-->[com.google.firebase:firebase-common:20.3.3] AndroidManifest.xml:30:13-36
162
163        <activity
163-->[com.google.android.gms:play-services-auth:20.7.0] AndroidManifest.xml:23:9-27:75
164            android:name="com.google.android.gms.auth.api.signin.internal.SignInHubActivity"
164-->[com.google.android.gms:play-services-auth:20.7.0] AndroidManifest.xml:24:13-93
165            android:excludeFromRecents="true"
165-->[com.google.android.gms:play-services-auth:20.7.0] AndroidManifest.xml:25:13-46
166            android:exported="false"
166-->[com.google.android.gms:play-services-auth:20.7.0] AndroidManifest.xml:26:13-37
167            android:theme="@android:style/Theme.Translucent.NoTitleBar" />
167-->[com.google.android.gms:play-services-auth:20.7.0] AndroidManifest.xml:27:13-72
168        <!--
169            Service handling Google Sign-In user revocation. For apps that do not integrate with
170            Google Sign-In, this service will never be started.
171        -->
172        <service
172-->[com.google.android.gms:play-services-auth:20.7.0] AndroidManifest.xml:33:9-37:51
173            android:name="com.google.android.gms.auth.api.signin.RevocationBoundService"
173-->[com.google.android.gms:play-services-auth:20.7.0] AndroidManifest.xml:34:13-89
174            android:exported="true"
174-->[com.google.android.gms:play-services-auth:20.7.0] AndroidManifest.xml:35:13-36
175            android:permission="com.google.android.gms.auth.api.signin.permission.REVOCATION_NOTIFICATION"
175-->[com.google.android.gms:play-services-auth:20.7.0] AndroidManifest.xml:36:13-107
176            android:visibleToInstantApps="true" />
176-->[com.google.android.gms:play-services-auth:20.7.0] AndroidManifest.xml:37:13-48
177
178        <activity
178-->[com.google.android.gms:play-services-base:18.1.0] AndroidManifest.xml:20:9-22:45
179            android:name="com.google.android.gms.common.api.GoogleApiActivity"
179-->[com.google.android.gms:play-services-base:18.1.0] AndroidManifest.xml:20:19-85
180            android:exported="false"
180-->[com.google.android.gms:play-services-base:18.1.0] AndroidManifest.xml:22:19-43
181            android:theme="@android:style/Theme.Translucent.NoTitleBar" />
181-->[com.google.android.gms:play-services-base:18.1.0] AndroidManifest.xml:21:19-78
182
183        <meta-data
183-->[com.google.android.gms:play-services-basement:18.2.0] AndroidManifest.xml:21:9-23:69
184            android:name="com.google.android.gms.version"
184-->[com.google.android.gms:play-services-basement:18.2.0] AndroidManifest.xml:22:13-58
185            android:value="@integer/google_play_services_version" />
185-->[com.google.android.gms:play-services-basement:18.2.0] AndroidManifest.xml:23:13-66
186    </application>
187
188</manifest>